Arguments: 
  /Users/leo/.nvm/versions/node/v14.18.0/bin/node /usr/local/Cellar/yarn/1.22.19/libexec/bin/yarn.js init -a

PATH: 
  /Users/leo/.pyenv/shims:/usr/local/lib/ruby/gems/2.6.0/bin:/usr/local/opt/ruby/bin:/usr/local/opt/mysql@5.7/bin:/Users/leo/.nvm/versions/node/v14.18.0/bin:/usr/local/bin:/usr/local/sbin:/usr/local/bin:/System/Cryptexes/App/usr/bin:/usr/bin:/bin:/usr/sbin:/sbin:/Applications/VMware Fusion.app/Contents/Public:/Applications/Wireshark.app/Contents/MacOS:/Users/leo/.cargo/bin

Yarn version: 
  1.22.19

Node version: 
  14.18.0

Platform: 
  darwin x64

Trace: 
  Error: canceled
      at Interface.<anonymous> (/usr/local/Cellar/yarn/1.22.19/libexec/lib/cli.js:137150:13)
      at Interface.emit (events.js:400:28)
      at Interface._ttyWrite (readline.js:1001:16)
      at ReadStream.onkeypress (readline.js:265:10)
      at ReadStream.emit (events.js:400:28)
      at emitKeys (internal/readline/utils.js:358:14)
      at emitKeys.next (<anonymous>)
      at ReadStream.onData (readline.js:1270:36)
      at ReadStream.emit (events.js:400:28)
      at addChunk (internal/streams/readable.js:293:12)

npm manifest: 
  No manifest

yarn manifest: 
  No manifest

Lockfile: 
  No lockfile
